[INFO] [2016-04-25 14:52:52][org.springframework.web.context.ContextLoader]Root WebApplicationContext: initialization started
[INFO] [2016-04-25 14:52:52][org.springframework.web.context.support.XmlWebApplicationContext]Refreshing Root WebApplicationContext: startup date [Mon Apr 25 14:52:52 CST 2016]; root of context hierarchy
[INFO] [2016-04-25 14:52:52][org.springframework.beans.factory.xml.XmlBeanDefinitionReader]Loading XML bean definitions from class path resource [spring-mybatis.xml]
[INFO] [2016-04-25 14:52:52][org.springframework.beans.factory.config.PropertyPlaceholderConfigurer]Loading properties file from class path resource [jdbc.properties]
[INFO] [2016-04-25 14:52:52][org.springframework.beans.factory.annotation.AutowiredAnnotationBeanPostProcessor]JSR-330 'javax.inject.Inject' annotation found and supported for autowiring
[INFO] [2016-04-25 14:52:53][org.springframework.web.context.ContextLoader]Root WebApplicationContext: initialization completed in 874 ms
[INFO] [2016-04-25 14:52:53][org.springframework.web.servlet.DispatcherServlet]FrameworkServlet 'SpringMVC': initialization started
[INFO] [2016-04-25 14:52:53][org.springframework.web.context.support.XmlWebApplicationContext]Refreshing WebApplicationContext for namespace 'SpringMVC-servlet': startup date [Mon Apr 25 14:52:53 CST 2016]; parent: Root WebApplicationContext
[INFO] [2016-04-25 14:52:53][org.springframework.beans.factory.xml.XmlBeanDefinitionReader]Loading XML bean definitions from class path resource [spring-mvc.xml]
[INFO] [2016-04-25 14:52:53][org.springframework.beans.factory.annotation.AutowiredAnnotationBeanPostProcessor]JSR-330 'javax.inject.Inject' annotation found and supported for autowiring
[INFO] [2016-04-25 14:52:53][org.springframework.web.servlet.mvc.annotation.DefaultAnnotationHandlerMapping]Mapped URL path [/user/showUser] onto handler 'userController'
[INFO] [2016-04-25 14:52:53][org.springframework.web.servlet.mvc.annotation.DefaultAnnotationHandlerMapping]Mapped URL path [/user/showUser.*] onto handler 'userController'
[INFO] [2016-04-25 14:52:53][org.springframework.web.servlet.mvc.annotation.DefaultAnnotationHandlerMapping]Mapped URL path [/user/showUser/] onto handler 'userController'
[INFO] [2016-04-25 14:52:53][org.springframework.web.servlet.mvc.annotation.DefaultAnnotationHandlerMapping]Mapped URL path [/user/addUser] onto handler 'userController'
[INFO] [2016-04-25 14:52:53][org.springframework.web.servlet.mvc.annotation.DefaultAnnotationHandlerMapping]Mapped URL path [/user/addUser.*] onto handler 'userController'
[INFO] [2016-04-25 14:52:53][org.springframework.web.servlet.mvc.annotation.DefaultAnnotationHandlerMapping]Mapped URL path [/user/addUser/] onto handler 'userController'
[INFO] [2016-04-25 14:52:53][org.springframework.web.servlet.mvc.annotation.DefaultAnnotationHandlerMapping]Mapped URL path [/user/deleteUser] onto handler 'userController'
[INFO] [2016-04-25 14:52:53][org.springframework.web.servlet.mvc.annotation.DefaultAnnotationHandlerMapping]Mapped URL path [/user/deleteUser.*] onto handler 'userController'
[INFO] [2016-04-25 14:52:53][org.springframework.web.servlet.mvc.annotation.DefaultAnnotationHandlerMapping]Mapped URL path [/user/deleteUser/] onto handler 'userController'
[INFO] [2016-04-25 14:52:53][org.springframework.web.servlet.mvc.annotation.DefaultAnnotationHandlerMapping]Mapped URL path [/user/updateUser] onto handler 'userController'
[INFO] [2016-04-25 14:52:53][org.springframework.web.servlet.mvc.annotation.DefaultAnnotationHandlerMapping]Mapped URL path [/user/updateUser.*] onto handler 'userController'
[INFO] [2016-04-25 14:52:53][org.springframework.web.servlet.mvc.annotation.DefaultAnnotationHandlerMapping]Mapped URL path [/user/updateUser/] onto handler 'userController'
[INFO] [2016-04-25 14:52:53][org.springframework.web.servlet.mvc.annotation.DefaultAnnotationHandlerMapping]Mapped URL path [/user/selectUserAll] onto handler 'userController'
[INFO] [2016-04-25 14:52:53][org.springframework.web.servlet.mvc.annotation.DefaultAnnotationHandlerMapping]Mapped URL path [/user/selectUserAll.*] onto handler 'userController'
[INFO] [2016-04-25 14:52:53][org.springframework.web.servlet.mvc.annotation.DefaultAnnotationHandlerMapping]Mapped URL path [/user/selectUserAll/] onto handler 'userController'
[INFO] [2016-04-25 14:52:53][org.springframework.web.servlet.DispatcherServlet]FrameworkServlet 'SpringMVC': initialization completed in 417 ms
[WARN] [2016-04-25 14:54:05][org.springframework.web.servlet.PageNotFound]No mapping found for HTTP request with URI [/demo1/] in DispatcherServlet with name 'SpringMVC'
[WARN] [2016-04-25 14:54:22][org.springframework.web.servlet.PageNotFound]No mapping found for HTTP request with URI [/demo1/] in DispatcherServlet with name 'SpringMVC'
[WARN] [2016-04-25 14:54:39][org.springframework.web.servlet.PageNotFound]No mapping found for HTTP request with URI [/demo1/order/selectAllOrder] in DispatcherServlet with name 'SpringMVC'
[INFO] [2016-04-26 10:08:44][org.springframework.web.context.ContextLoader]Root WebApplicationContext: initialization started
[INFO] [2016-04-26 10:08:44][org.springframework.web.context.support.XmlWebApplicationContext]Refreshing Root WebApplicationContext: startup date [Tue Apr 26 10:08:44 CST 2016]; root of context hierarchy
[INFO] [2016-04-26 10:08:44][org.springframework.beans.factory.xml.XmlBeanDefinitionReader]Loading XML bean definitions from class path resource [spring-mybatis.xml]
[INFO] [2016-04-26 10:08:45][org.springframework.beans.factory.config.PropertyPlaceholderConfigurer]Loading properties file from class path resource [jdbc.properties]
[INFO] [2016-04-26 10:08:45][org.springframework.beans.factory.annotation.AutowiredAnnotationBeanPostProcessor]JSR-330 'javax.inject.Inject' annotation found and supported for autowiring
[INFO] [2016-04-26 10:08:46][org.springframework.web.context.ContextLoader]Root WebApplicationContext: initialization completed in 1871 ms
[INFO] [2016-04-26 10:08:48][org.springframework.web.servlet.DispatcherServlet]FrameworkServlet 'SpringMVC': initialization started
[INFO] [2016-04-26 10:08:48][org.springframework.web.context.support.XmlWebApplicationContext]Refreshing WebApplicationContext for namespace 'SpringMVC-servlet': startup date [Tue Apr 26 10:08:48 CST 2016]; parent: Root WebApplicationContext
[INFO] [2016-04-26 10:08:48][org.springframework.beans.factory.xml.XmlBeanDefinitionReader]Loading XML bean definitions from class path resource [spring-mvc.xml]
[INFO] [2016-04-26 10:08:49][org.springframework.beans.factory.annotation.AutowiredAnnotationBeanPostProcessor]JSR-330 'javax.inject.Inject' annotation found and supported for autowiring
[INFO] [2016-04-26 10:08:50][org.springframework.web.servlet.mvc.annotation.DefaultAnnotationHandlerMapping]Mapped URL path [/order/selectAllOrder] onto handler 'orderController'
[INFO] [2016-04-26 10:08:50][org.springframework.web.servlet.mvc.annotation.DefaultAnnotationHandlerMapping]Mapped URL path [/order/selectAllOrder.*] onto handler 'orderController'
[INFO] [2016-04-26 10:08:50][org.springframework.web.servlet.mvc.annotation.DefaultAnnotationHandlerMapping]Mapped URL path [/order/selectAllOrder/] onto handler 'orderController'
[INFO] [2016-04-26 10:08:50][org.springframework.web.servlet.mvc.annotation.DefaultAnnotationHandlerMapping]Mapped URL path [/user/addUser] onto handler 'userController'
[INFO] [2016-04-26 10:08:50][org.springframework.web.servlet.mvc.annotation.DefaultAnnotationHandlerMapping]Mapped URL path [/user/addUser.*] onto handler 'userController'
[INFO] [2016-04-26 10:08:50][org.springframework.web.servlet.mvc.annotation.DefaultAnnotationHandlerMapping]Mapped URL path [/user/addUser/] onto handler 'userController'
[INFO] [2016-04-26 10:08:50][org.springframework.web.servlet.mvc.annotation.DefaultAnnotationHandlerMapping]Mapped URL path [/user/showUser] onto handler 'userController'
[INFO] [2016-04-26 10:08:50][org.springframework.web.servlet.mvc.annotation.DefaultAnnotationHandlerMapping]Mapped URL path [/user/showUser.*] onto handler 'userController'
[INFO] [2016-04-26 10:08:50][org.springframework.web.servlet.mvc.annotation.DefaultAnnotationHandlerMapping]Mapped URL path [/user/showUser/] onto handler 'userController'
[INFO] [2016-04-26 10:08:50][org.springframework.web.servlet.mvc.annotation.DefaultAnnotationHandlerMapping]Mapped URL path [/user/selectUserAll] onto handler 'userController'
[INFO] [2016-04-26 10:08:50][org.springframework.web.servlet.mvc.annotation.DefaultAnnotationHandlerMapping]Mapped URL path [/user/selectUserAll.*] onto handler 'userController'
[INFO] [2016-04-26 10:08:50][org.springframework.web.servlet.mvc.annotation.DefaultAnnotationHandlerMapping]Mapped URL path [/user/selectUserAll/] onto handler 'userController'
[INFO] [2016-04-26 10:08:50][org.springframework.web.servlet.mvc.annotation.DefaultAnnotationHandlerMapping]Mapped URL path [/user/deleteUser] onto handler 'userController'
[INFO] [2016-04-26 10:08:50][org.springframework.web.servlet.mvc.annotation.DefaultAnnotationHandlerMapping]Mapped URL path [/user/deleteUser.*] onto handler 'userController'
[INFO] [2016-04-26 10:08:50][org.springframework.web.servlet.mvc.annotation.DefaultAnnotationHandlerMapping]Mapped URL path [/user/deleteUser/] onto handler 'userController'
[INFO] [2016-04-26 10:08:50][org.springframework.web.servlet.mvc.annotation.DefaultAnnotationHandlerMapping]Mapped URL path [/user/updateUser] onto handler 'userController'
[INFO] [2016-04-26 10:08:50][org.springframework.web.servlet.mvc.annotation.DefaultAnnotationHandlerMapping]Mapped URL path [/user/updateUser.*] onto handler 'userController'
[INFO] [2016-04-26 10:08:50][org.springframework.web.servlet.mvc.annotation.DefaultAnnotationHandlerMapping]Mapped URL path [/user/updateUser/] onto handler 'userController'
[INFO] [2016-04-26 10:08:50][org.springframework.web.servlet.DispatcherServlet]FrameworkServlet 'SpringMVC': initialization completed in 1738 ms
[INFO] [2016-04-26 10:10:48][org.springframework.web.context.ContextLoader]Root WebApplicationContext: initialization started
[INFO] [2016-04-26 10:10:48][org.springframework.web.context.support.XmlWebApplicationContext]Refreshing Root WebApplicationContext: startup date [Tue Apr 26 10:10:48 CST 2016]; root of context hierarchy
[INFO] [2016-04-26 10:10:48][org.springframework.beans.factory.xml.XmlBeanDefinitionReader]Loading XML bean definitions from class path resource [spring-mybatis.xml]
[INFO] [2016-04-26 10:10:49][org.springframework.beans.factory.config.PropertyPlaceholderConfigurer]Loading properties file from class path resource [jdbc.properties]
[INFO] [2016-04-26 10:10:49][org.springframework.beans.factory.annotation.AutowiredAnnotationBeanPostProcessor]JSR-330 'javax.inject.Inject' annotation found and supported for autowiring
[INFO] [2016-04-26 10:10:49][org.springframework.web.context.ContextLoader]Root WebApplicationContext: initialization completed in 1160 ms
[INFO] [2016-04-26 10:10:49][org.springframework.web.servlet.DispatcherServlet]FrameworkServlet 'SpringMVC': initialization started
[INFO] [2016-04-26 10:10:49][org.springframework.web.context.support.XmlWebApplicationContext]Refreshing WebApplicationContext for namespace 'SpringMVC-servlet': startup date [Tue Apr 26 10:10:49 CST 2016]; parent: Root WebApplicationContext
[INFO] [2016-04-26 10:10:49][org.springframework.beans.factory.xml.XmlBeanDefinitionReader]Loading XML bean definitions from class path resource [spring-mvc.xml]
[INFO] [2016-04-26 10:10:49][org.springframework.beans.factory.annotation.AutowiredAnnotationBeanPostProcessor]JSR-330 'javax.inject.Inject' annotation found and supported for autowiring
[INFO] [2016-04-26 10:10:50][org.springframework.web.servlet.mvc.annotation.DefaultAnnotationHandlerMapping]Mapped URL path [/order/selectAllOrder] onto handler 'orderController'
[INFO] [2016-04-26 10:10:50][org.springframework.web.servlet.mvc.annotation.DefaultAnnotationHandlerMapping]Mapped URL path [/order/selectAllOrder.*] onto handler 'orderController'
[INFO] [2016-04-26 10:10:50][org.springframework.web.servlet.mvc.annotation.DefaultAnnotationHandlerMapping]Mapped URL path [/order/selectAllOrder/] onto handler 'orderController'
[INFO] [2016-04-26 10:10:50][org.springframework.web.servlet.mvc.annotation.DefaultAnnotationHandlerMapping]Mapped URL path [/user/addUser] onto handler 'userController'
[INFO] [2016-04-26 10:10:50][org.springframework.web.servlet.mvc.annotation.DefaultAnnotationHandlerMapping]Mapped URL path [/user/addUser.*] onto handler 'userController'
[INFO] [2016-04-26 10:10:50][org.springframework.web.servlet.mvc.annotation.DefaultAnnotationHandlerMapping]Mapped URL path [/user/addUser/] onto handler 'userController'
[INFO] [2016-04-26 10:10:50][org.springframework.web.servlet.mvc.annotation.DefaultAnnotationHandlerMapping]Mapped URL path [/user/showUser] onto handler 'userController'
[INFO] [2016-04-26 10:10:50][org.springframework.web.servlet.mvc.annotation.DefaultAnnotationHandlerMapping]Mapped URL path [/user/showUser.*] onto handler 'userController'
[INFO] [2016-04-26 10:10:50][org.springframework.web.servlet.mvc.annotation.DefaultAnnotationHandlerMapping]Mapped URL path [/user/showUser/] onto handler 'userController'
[INFO] [2016-04-26 10:10:50][org.springframework.web.servlet.mvc.annotation.DefaultAnnotationHandlerMapping]Mapped URL path [/user/selectUserAll] onto handler 'userController'
[INFO] [2016-04-26 10:10:50][org.springframework.web.servlet.mvc.annotation.DefaultAnnotationHandlerMapping]Mapped URL path [/user/selectUserAll.*] onto handler 'userController'
[INFO] [2016-04-26 10:10:50][org.springframework.web.servlet.mvc.annotation.DefaultAnnotationHandlerMapping]Mapped URL path [/user/selectUserAll/] onto handler 'userController'
[INFO] [2016-04-26 10:10:50][org.springframework.web.servlet.mvc.annotation.DefaultAnnotationHandlerMapping]Mapped URL path [/user/deleteUser] onto handler 'userController'
[INFO] [2016-04-26 10:10:50][org.springframework.web.servlet.mvc.annotation.DefaultAnnotationHandlerMapping]Mapped URL path [/user/deleteUser.*] onto handler 'userController'
[INFO] [2016-04-26 10:10:50][org.springframework.web.servlet.mvc.annotation.DefaultAnnotationHandlerMapping]Mapped URL path [/user/deleteUser/] onto handler 'userController'
[INFO] [2016-04-26 10:10:50][org.springframework.web.servlet.mvc.annotation.DefaultAnnotationHandlerMapping]Mapped URL path [/user/updateUser] onto handler 'userController'
[INFO] [2016-04-26 10:10:50][org.springframework.web.servlet.mvc.annotation.DefaultAnnotationHandlerMapping]Mapped URL path [/user/updateUser.*] onto handler 'userController'
[INFO] [2016-04-26 10:10:50][org.springframework.web.servlet.mvc.annotation.DefaultAnnotationHandlerMapping]Mapped URL path [/user/updateUser/] onto handler 'userController'
[INFO] [2016-04-26 10:10:50][org.springframework.web.servlet.DispatcherServlet]FrameworkServlet 'SpringMVC': initialization completed in 590 ms
[WARN] [2016-04-26 10:13:27][org.springframework.web.servlet.PageNotFound]No mapping found for HTTP request with URI [/demo1/] in DispatcherServlet with name 'SpringMVC'
[WARN] [2016-04-26 10:13:47][org.springframework.web.servlet.PageNotFound]No mapping found for HTTP request with URI [/demo1/] in DispatcherServlet with name 'SpringMVC'
[WARN] [2016-04-26 10:13:50][org.springframework.web.servlet.PageNotFound]No mapping found for HTTP request with URI [/demo1/] in DispatcherServlet with name 'SpringMVC'
[WARN] [2016-04-26 10:13:50][org.springframework.web.servlet.PageNotFound]No mapping found for HTTP request with URI [/demo1/] in DispatcherServlet with name 'SpringMVC'
[WARN] [2016-04-26 10:13:51][org.springframework.web.servlet.PageNotFound]No mapping found for HTTP request with URI [/demo1/] in DispatcherServlet with name 'SpringMVC'
[WARN] [2016-04-26 10:13:52][org.springframework.web.servlet.PageNotFound]No mapping found for HTTP request with URI [/demo1/] in DispatcherServlet with name 'SpringMVC'
[WARN] [2016-04-26 10:13:52][org.springframework.web.servlet.PageNotFound]No mapping found for HTTP request with URI [/demo1/] in DispatcherServlet with name 'SpringMVC'
[WARN] [2016-04-26 10:13:53][org.springframework.web.servlet.PageNotFound]No mapping found for HTTP request with URI [/demo1/] in DispatcherServlet with name 'SpringMVC'
[WARN] [2016-04-26 10:13:53][org.springframework.web.servlet.PageNotFound]No mapping found for HTTP request with URI [/demo1/] in DispatcherServlet with name 'SpringMVC'
[INFO] [2016-04-26 10:14:11][org.apache.commons.httpclient.HttpMethodDirector]I/O exception (java.net.ConnectException) caught when processing request: Connection refused: connect
[INFO] [2016-04-26 10:14:11][org.apache.commons.httpclient.HttpMethodDirector]Retrying request
[INFO] [2016-04-26 10:14:12][org.apache.commons.httpclient.HttpMethodDirector]I/O exception (java.net.ConnectException) caught when processing request: Connection refused: connect
[INFO] [2016-04-26 10:14:12][org.apache.commons.httpclient.HttpMethodDirector]Retrying request
[INFO] [2016-04-26 10:14:13][org.apache.commons.httpclient.HttpMethodDirector]I/O exception (java.net.ConnectException) caught when processing request: Connection refused: connect
[INFO] [2016-04-26 10:14:13][org.apache.commons.httpclient.HttpMethodDirector]Retrying request
